[0m12:48:55.194745 [debug] [MainThread]: Sending event: {'category': 'dbt', 'action': 'invocation', 'label': 'start', 'context': [<snowplow_tracker.self_describing_json.SelfDescribingJson object at 0x000002A14D756920>, <snowplow_tracker.self_describing_json.SelfDescribingJson object at 0x000002A14CDE7DC0>, <snowplow_tracker.self_describing_json.SelfDescribingJson object at 0x000002A14CDE7B80>]}


============================== 12:48:55.226505 | 24312749-b5d2-4ee7-b8cd-e5282aafb4c6 ==============================
[0m12:48:55.226505 [info ] [MainThread]: Running with dbt=1.5.0
[0m12:48:55.226505 [debug] [MainThread]: running dbt with arguments {'printer_width': '80', 'indirect_selection': 'eager', 'write_json': 'True', 'log_cache_events': 'False', 'partial_parse': 'True', 'cache_selected_only': 'False', 'warn_error': 'None', 'debug': 'False', 'fail_fast': 'False', 'log_path': 'logs', 'profiles_dir': 'C:\\Users\\bhara\\.dbt', 'version_check': 'True', 'use_colors': 'True', 'use_experimental_parser': 'False', 'no_print': 'None', 'quiet': 'False', 'warn_error_options': 'WarnErrorOptions(include=[], exclude=[])', 'introspect': 'True', 'log_format': 'default', 'static_parser': 'True', 'target_path': 'None', 'send_anonymous_usage_stats': 'True'}
[0m12:48:55.226505 [info ] [MainThread]: dbt version: 1.5.0
[0m12:48:55.226505 [info ] [MainThread]: python version: 3.10.10
[0m12:48:55.226505 [info ] [MainThread]: python path: C:\Users\bhara\AppData\Local\Programs\Python\Python310\python.exe
[0m12:48:55.226505 [info ] [MainThread]: os info: Windows-10-10.0.26100-SP0
[0m12:48:55.226505 [info ] [MainThread]: Using profiles.yml file at C:\Users\bhara\.dbt\profiles.yml
[0m12:48:55.226505 [info ] [MainThread]: Using dbt_project.yml file at C:\Users\bhara\Real_world_project\dbt_project.yml
[0m12:48:55.226505 [info ] [MainThread]: Configuration:
[0m12:49:00.460683 [info ] [MainThread]:   profiles.yml file [[32mOK found and valid[0m]
[0m12:49:00.460683 [info ] [MainThread]:   dbt_project.yml file [[31mERROR not found[0m]
[0m12:49:00.460683 [info ] [MainThread]: Required dependencies:
[0m12:49:00.470111 [debug] [MainThread]: Executing "git --help"
[0m12:49:00.520475 [debug] [MainThread]: STDOUT: "b"usage: git [-v | --version] [-h | --help] [-C <path>] [-c <name>=<value>]\n           [--exec-path[=<path>]] [--html-path] [--man-path] [--info-path]\n           [-p | --paginate | -P | --no-pager] [--no-replace-objects] [--bare]\n           [--git-dir=<path>] [--work-tree=<path>] [--namespace=<name>]\n           [--config-env=<name>=<envvar>] <command> [<args>]\n\nThese are common Git commands used in various situations:\n\nstart a working area (see also: git help tutorial)\n   clone     Clone a repository into a new directory\n   init      Create an empty Git repository or reinitialize an existing one\n\nwork on the current change (see also: git help everyday)\n   add       Add file contents to the index\n   mv        Move or rename a file, a directory, or a symlink\n   restore   Restore working tree files\n   rm        Remove files from the working tree and from the index\n\nexamine the history and state (see also: git help revisions)\n   bisect    Use binary search to find the commit that introduced a bug\n   diff      Show changes between commits, commit and working tree, etc\n   grep      Print lines matching a pattern\n   log       Show commit logs\n   show      Show various types of objects\n   status    Show the working tree status\n\ngrow, mark and tweak your common history\n   branch    List, create, or delete branches\n   commit    Record changes to the repository\n   merge     Join two or more development histories together\n   rebase    Reapply commits on top of another base tip\n   reset     Reset current HEAD to the specified state\n   switch    Switch branches\n   tag       Create, list, delete or verify a tag object signed with GPG\n\ncollaborate (see also: git help workflows)\n   fetch     Download objects and refs from another repository\n   pull      Fetch from and integrate with another repository or a local branch\n   push      Update remote refs along with associated objects\n\n'git help -a' and 'git help -g' list available subcommands and some\nconcept guides. See 'git help <command>' or 'git help <concept>'\nto read about a specific subcommand or concept.\nSee 'git help git' for an overview of the system.\n""
[0m12:49:00.520475 [debug] [MainThread]: STDERR: "b''"
[0m12:49:00.520475 [info ] [MainThread]:  - git [[32mOK found[0m]

[0m12:49:00.528948 [info ] [MainThread]: Connection:
[0m12:49:00.528948 [info ] [MainThread]:   account: KIFGRRR-FLB23697
[0m12:49:00.528948 [info ] [MainThread]:   user: AZURETRAINING
[0m12:49:00.528948 [info ] [MainThread]:   database: C2C_DEV
[0m12:49:00.528948 [info ] [MainThread]:   schema: STAGGING
[0m12:49:00.528948 [info ] [MainThread]:   warehouse: COMPUTE_WH
[0m12:49:00.528948 [info ] [MainThread]:   role: ACCOUNTADMIN
[0m12:49:00.528948 [info ] [MainThread]:   client_session_keep_alive: False
[0m12:49:00.528948 [info ] [MainThread]:   query_tag: None
[0m12:49:00.528948 [debug] [MainThread]: Acquiring new snowflake connection 'debug'
[0m12:49:00.528948 [debug] [MainThread]: Using snowflake connection "debug"
[0m12:49:00.528948 [debug] [MainThread]: On debug: select 1 as id
[0m12:49:00.528948 [debug] [MainThread]: Opening a new connection, currently in state init
[0m12:49:03.722080 [debug] [MainThread]: SQL status: SUCCESS 1 in 3.0 seconds
[0m12:49:03.723289 [debug] [MainThread]: On debug: Close
[0m12:49:04.264750 [info ] [MainThread]:   Connection test: [[32mOK connection ok[0m]

[0m12:49:04.264750 [info ] [MainThread]: [31m1 check failed:[0m
[0m12:49:04.264750 [info ] [MainThread]: Could not load dbt_project.yml

[0m12:49:04.270048 [debug] [MainThread]: Command `dbt debug` failed at 12:49:04.270048 after 9.19 seconds
[0m12:49:04.270048 [debug] [MainThread]: Connection 'debug' was properly closed.
[0m12:49:04.270048 [debug] [MainThread]: Sending event: {'category': 'dbt', 'action': 'invocation', 'label': 'end', 'context': [<snowplow_tracker.self_describing_json.SelfDescribingJson object at 0x000002A14D756920>, <snowplow_tracker.self_describing_json.SelfDescribingJson object at 0x000002A168095D80>, <snowplow_tracker.self_describing_json.SelfDescribingJson object at 0x000002A168493F40>]}
[0m12:49:04.273046 [debug] [MainThread]: Flushing usage events
[0m12:55:18.615887 [debug] [MainThread]: Sending event: {'category': 'dbt', 'action': 'invocation', 'label': 'start', 'context': [<snowplow_tracker.self_describing_json.SelfDescribingJson object at 0x000002C7D5206950>, <snowplow_tracker.self_describing_json.SelfDescribingJson object at 0x000002C7D48C7250>, <snowplow_tracker.self_describing_json.SelfDescribingJson object at 0x000002C7D48C7430>]}


============================== 12:55:18.628989 | f7d4b85e-6440-42f4-804d-fee000a451b3 ==============================
[0m12:55:18.628989 [info ] [MainThread]: Running with dbt=1.5.0
[0m12:55:18.628989 [debug] [MainThread]: running dbt with arguments {'printer_width': '80', 'indirect_selection': 'eager', 'log_cache_events': 'False', 'write_json': 'True', 'partial_parse': 'True', 'cache_selected_only': 'False', 'warn_error': 'None', 'version_check': 'True', 'profiles_dir': 'C:\\Users\\bhara\\Real_world_project', 'log_path': 'logs', 'fail_fast': 'False', 'debug': 'False', 'use_colors': 'True', 'use_experimental_parser': 'False', 'no_print': 'None', 'quiet': 'False', 'warn_error_options': 'WarnErrorOptions(include=[], exclude=[])', 'static_parser': 'True', 'introspect': 'True', 'log_format': 'default', 'target_path': 'None', 'send_anonymous_usage_stats': 'True'}
[0m12:55:18.631131 [debug] [MainThread]: Starter project path: C:\Users\bhara\AppData\Local\Programs\Python\Python310\lib\site-packages\dbt\include\starter_project
[0m12:56:57.382561 [info ] [MainThread]: Profile lithia_project written to C:\Users\bhara\Real_world_project\profiles.yml using target's profile_template.yml and your supplied values. Run 'dbt debug' to validate the connection.
[0m12:56:57.382561 [info ] [MainThread]: 
Your new dbt project "lithia_project" was created!

For more information on how to configure the profiles.yml file,
please consult the dbt documentation here:

  https://docs.getdbt.com/docs/configure-your-profile

One more thing:

Need help? Don't hesitate to reach out to us via GitHub issues or on Slack:

  https://community.getdbt.com/

Happy modeling!

[0m12:56:57.394496 [debug] [MainThread]: Command `dbt init` succeeded at 12:56:57.382561 after 98.78 seconds
[0m12:56:57.395512 [debug] [MainThread]: Sending event: {'category': 'dbt', 'action': 'invocation', 'label': 'end', 'context': [<snowplow_tracker.self_describing_json.SelfDescribingJson object at 0x000002C7D5206950>, <snowplow_tracker.self_describing_json.SelfDescribingJson object at 0x000002C7D490C5E0>, <snowplow_tracker.self_describing_json.SelfDescribingJson object at 0x000002C7D48C75E0>]}
[0m12:56:57.396925 [debug] [MainThread]: Flushing usage events
[0m23:41:49.272979 [debug] [MainThread]: Sending event: {'category': 'dbt', 'action': 'invocation', 'label': 'start', 'context': [<snowplow_tracker.self_describing_json.SelfDescribingJson object at 0x0000017682686920>, <snowplow_tracker.self_describing_json.SelfDescribingJson object at 0x0000017681D47D90>, <snowplow_tracker.self_describing_json.SelfDescribingJson object at 0x0000017681D47B20>]}


============================== 23:41:49.272979 | a3a88c23-4c64-41b0-9b77-ddccefdb9a3b ==============================
[0m23:41:49.272979 [info ] [MainThread]: Running with dbt=1.5.0
[0m23:41:49.272979 [debug] [MainThread]: running dbt with arguments {'printer_width': '80', 'indirect_selection': 'eager', 'log_cache_events': 'False', 'write_json': 'True', 'partial_parse': 'True', 'cache_selected_only': 'False', 'profiles_dir': 'C:\\Users\\bhara\\Real_world_project', 'version_check': 'True', 'warn_error': 'None', 'log_path': 'logs', 'fail_fast': 'False', 'debug': 'False', 'use_colors': 'True', 'use_experimental_parser': 'False', 'no_print': 'None', 'quiet': 'False', 'log_format': 'default', 'introspect': 'True', 'static_parser': 'True', 'warn_error_options': 'WarnErrorOptions(include=[], exclude=[])', 'target_path': 'None', 'send_anonymous_usage_stats': 'True'}
[0m23:41:49.272979 [info ] [MainThread]: dbt version: 1.5.0
[0m23:41:49.281049 [info ] [MainThread]: python version: 3.10.10
[0m23:41:49.281562 [info ] [MainThread]: python path: C:\Users\bhara\AppData\Local\Programs\Python\Python310\python.exe
[0m23:41:49.282156 [info ] [MainThread]: os info: Windows-10-10.0.26100-SP0
[0m23:41:49.282948 [info ] [MainThread]: Using profiles.yml file at C:\Users\bhara\Real_world_project\profiles.yml
[0m23:41:49.283584 [info ] [MainThread]: Using dbt_project.yml file at C:\Users\bhara\Real_world_project\dbt_project.yml
[0m23:41:49.283584 [info ] [MainThread]: Configuration:
[0m23:41:57.172991 [info ] [MainThread]:   profiles.yml file [[32mOK found and valid[0m]
[0m23:41:57.172991 [info ] [MainThread]:   dbt_project.yml file [[31mERROR not found[0m]
[0m23:41:57.172991 [info ] [MainThread]: Required dependencies:
[0m23:41:57.177117 [debug] [MainThread]: Executing "git --help"
[0m23:41:57.346916 [debug] [MainThread]: STDOUT: "b"usage: git [-v | --version] [-h | --help] [-C <path>] [-c <name>=<value>]\n           [--exec-path[=<path>]] [--html-path] [--man-path] [--info-path]\n           [-p | --paginate | -P | --no-pager] [--no-replace-objects] [--bare]\n           [--git-dir=<path>] [--work-tree=<path>] [--namespace=<name>]\n           [--config-env=<name>=<envvar>] <command> [<args>]\n\nThese are common Git commands used in various situations:\n\nstart a working area (see also: git help tutorial)\n   clone     Clone a repository into a new directory\n   init      Create an empty Git repository or reinitialize an existing one\n\nwork on the current change (see also: git help everyday)\n   add       Add file contents to the index\n   mv        Move or rename a file, a directory, or a symlink\n   restore   Restore working tree files\n   rm        Remove files from the working tree and from the index\n\nexamine the history and state (see also: git help revisions)\n   bisect    Use binary search to find the commit that introduced a bug\n   diff      Show changes between commits, commit and working tree, etc\n   grep      Print lines matching a pattern\n   log       Show commit logs\n   show      Show various types of objects\n   status    Show the working tree status\n\ngrow, mark and tweak your common history\n   branch    List, create, or delete branches\n   commit    Record changes to the repository\n   merge     Join two or more development histories together\n   rebase    Reapply commits on top of another base tip\n   reset     Reset current HEAD to the specified state\n   switch    Switch branches\n   tag       Create, list, delete or verify a tag object signed with GPG\n\ncollaborate (see also: git help workflows)\n   fetch     Download objects and refs from another repository\n   pull      Fetch from and integrate with another repository or a local branch\n   push      Update remote refs along with associated objects\n\n'git help -a' and 'git help -g' list available subcommands and some\nconcept guides. See 'git help <command>' or 'git help <concept>'\nto read about a specific subcommand or concept.\nSee 'git help git' for an overview of the system.\n""
[0m23:41:57.348674 [debug] [MainThread]: STDERR: "b''"
[0m23:41:57.348674 [info ] [MainThread]:  - git [[32mOK found[0m]

[0m23:41:57.350686 [info ] [MainThread]: Connection:
[0m23:41:57.352701 [info ] [MainThread]:   account: KIFGRRR-FLB23697
[0m23:41:57.354713 [info ] [MainThread]:   user: AZURETRAINING
[0m23:41:57.354713 [info ] [MainThread]:   database: C2C_DEV
[0m23:41:57.357860 [info ] [MainThread]:   schema: RAW
[0m23:41:57.358659 [info ] [MainThread]:   warehouse: COMPUTE_WH
[0m23:41:57.358659 [info ] [MainThread]:   role: ACCOUNTADMIN
[0m23:41:57.358659 [info ] [MainThread]:   client_session_keep_alive: False
[0m23:41:57.364236 [info ] [MainThread]:   query_tag: None
[0m23:41:57.366811 [debug] [MainThread]: Acquiring new snowflake connection 'debug'
[0m23:41:57.366811 [debug] [MainThread]: Using snowflake connection "debug"
[0m23:41:57.368822 [debug] [MainThread]: On debug: select 1 as id
[0m23:41:57.368822 [debug] [MainThread]: Opening a new connection, currently in state init
[0m23:42:02.402808 [debug] [MainThread]: SQL status: SUCCESS 1 in 5.0 seconds
[0m23:42:02.402808 [debug] [MainThread]: On debug: Close
[0m23:42:02.933549 [info ] [MainThread]:   Connection test: [[32mOK connection ok[0m]

[0m23:42:02.935127 [info ] [MainThread]: [31m1 check failed:[0m
[0m23:42:02.936732 [info ] [MainThread]: Could not load dbt_project.yml

[0m23:42:02.938317 [debug] [MainThread]: Command `dbt debug` failed at 23:42:02.938317 after 13.83 seconds
[0m23:42:02.938317 [debug] [MainThread]: Connection 'debug' was properly closed.
[0m23:42:02.939907 [debug] [MainThread]: Sending event: {'category': 'dbt', 'action': 'invocation', 'label': 'end', 'context': [<snowplow_tracker.self_describing_json.SelfDescribingJson object at 0x0000017682686920>, <snowplow_tracker.self_describing_json.SelfDescribingJson object at 0x000001769D739930>, <snowplow_tracker.self_describing_json.SelfDescribingJson object at 0x000001769D6F7310>]}
[0m23:42:02.939907 [debug] [MainThread]: Flushing usage events
[0m23:48:26.824234 [debug] [MainThread]: Sending event: {'category': 'dbt', 'action': 'invocation', 'label': 'start', 'context': [<snowplow_tracker.self_describing_json.SelfDescribingJson object at 0x0000027BEF1F6920>, <snowplow_tracker.self_describing_json.SelfDescribingJson object at 0x0000027BEE877F70>, <snowplow_tracker.self_describing_json.SelfDescribingJson object at 0x0000027BEE877D00>]}


============================== 23:48:26.827402 | 3aa8b2b1-e605-4e06-ad3c-9a1241400b35 ==============================
[0m23:48:26.827402 [info ] [MainThread]: Running with dbt=1.5.0
[0m23:48:26.829051 [debug] [MainThread]: running dbt with arguments {'printer_width': '80', 'indirect_selection': 'eager', 'write_json': 'True', 'log_cache_events': 'False', 'partial_parse': 'True', 'cache_selected_only': 'False', 'profiles_dir': 'C:\\Users\\bhara\\Real_world_project', 'debug': 'False', 'version_check': 'True', 'log_path': 'logs', 'fail_fast': 'False', 'warn_error': 'None', 'use_colors': 'True', 'use_experimental_parser': 'False', 'no_print': 'None', 'quiet': 'False', 'log_format': 'default', 'introspect': 'True', 'warn_error_options': 'WarnErrorOptions(include=[], exclude=[])', 'static_parser': 'True', 'target_path': 'None', 'send_anonymous_usage_stats': 'True'}
[0m23:48:26.829640 [error] [MainThread]: Encountered an error:
Runtime Error
  No dbt_project.yml found at expected path C:\Users\bhara\Real_world_project\dbt_project.yml
  Verify that each entry within packages.yml (and their transitive dependencies) contains a file named dbt_project.yml
  
[0m23:48:26.830147 [debug] [MainThread]: Command `dbt source snapshot-freshness` failed at 23:48:26.830147 after 0.02 seconds
[0m23:48:26.830147 [debug] [MainThread]: Sending event: {'category': 'dbt', 'action': 'invocation', 'label': 'end', 'context': [<snowplow_tracker.self_describing_json.SelfDescribingJson object at 0x0000027BEF1F6920>, <snowplow_tracker.self_describing_json.SelfDescribingJson object at 0x0000027BEE877880>, <snowplow_tracker.self_describing_json.SelfDescribingJson object at 0x0000027BEE877F10>]}
[0m23:48:26.831666 [debug] [MainThread]: Flushing usage events
[0m23:48:51.163897 [debug] [MainThread]: Sending event: {'category': 'dbt', 'action': 'invocation', 'label': 'start', 'context': [<snowplow_tracker.self_describing_json.SelfDescribingJson object at 0x00000192BB7E6920>, <snowplow_tracker.self_describing_json.SelfDescribingJson object at 0x00000192BAEA7D90>, <snowplow_tracker.self_describing_json.SelfDescribingJson object at 0x00000192BAEA7BB0>]}


============================== 23:48:51.163897 | cffcd9a5-9f3f-45e2-b2bb-9ae4f815b2ff ==============================
[0m23:48:51.163897 [info ] [MainThread]: Running with dbt=1.5.0
[0m23:48:51.163897 [debug] [MainThread]: running dbt with arguments {'printer_width': '80', 'indirect_selection': 'eager', 'log_cache_events': 'False', 'write_json': 'True', 'partial_parse': 'True', 'cache_selected_only': 'False', 'warn_error': 'None', 'version_check': 'True', 'profiles_dir': 'C:\\Users\\bhara\\Real_world_project', 'log_path': 'logs', 'fail_fast': 'False', 'debug': 'False', 'use_colors': 'True', 'use_experimental_parser': 'False', 'no_print': 'None', 'quiet': 'False', 'warn_error_options': 'WarnErrorOptions(include=[], exclude=[])', 'static_parser': 'True', 'log_format': 'default', 'introspect': 'True', 'target_path': 'None', 'send_anonymous_usage_stats': 'True'}
[0m23:48:51.163897 [info ] [MainThread]: dbt version: 1.5.0
[0m23:48:51.163897 [info ] [MainThread]: python version: 3.10.10
[0m23:48:51.181178 [info ] [MainThread]: python path: C:\Users\bhara\AppData\Local\Programs\Python\Python310\python.exe
[0m23:48:51.181178 [info ] [MainThread]: os info: Windows-10-10.0.26100-SP0
[0m23:48:51.182911 [info ] [MainThread]: Using profiles.yml file at C:\Users\bhara\Real_world_project\profiles.yml
[0m23:48:51.182911 [info ] [MainThread]: Using dbt_project.yml file at C:\Users\bhara\Real_world_project\dbt_project.yml
[0m23:48:51.182911 [info ] [MainThread]: Configuration:
[0m23:48:51.913086 [info ] [MainThread]:   profiles.yml file [[32mOK found and valid[0m]
[0m23:48:51.913795 [info ] [MainThread]:   dbt_project.yml file [[31mERROR not found[0m]
[0m23:48:51.913795 [info ] [MainThread]: Required dependencies:
[0m23:48:51.913795 [debug] [MainThread]: Executing "git --help"
[0m23:48:52.011334 [debug] [MainThread]: STDOUT: "b"usage: git [-v | --version] [-h | --help] [-C <path>] [-c <name>=<value>]\n           [--exec-path[=<path>]] [--html-path] [--man-path] [--info-path]\n           [-p | --paginate | -P | --no-pager] [--no-replace-objects] [--bare]\n           [--git-dir=<path>] [--work-tree=<path>] [--namespace=<name>]\n           [--config-env=<name>=<envvar>] <command> [<args>]\n\nThese are common Git commands used in various situations:\n\nstart a working area (see also: git help tutorial)\n   clone     Clone a repository into a new directory\n   init      Create an empty Git repository or reinitialize an existing one\n\nwork on the current change (see also: git help everyday)\n   add       Add file contents to the index\n   mv        Move or rename a file, a directory, or a symlink\n   restore   Restore working tree files\n   rm        Remove files from the working tree and from the index\n\nexamine the history and state (see also: git help revisions)\n   bisect    Use binary search to find the commit that introduced a bug\n   diff      Show changes between commits, commit and working tree, etc\n   grep      Print lines matching a pattern\n   log       Show commit logs\n   show      Show various types of objects\n   status    Show the working tree status\n\ngrow, mark and tweak your common history\n   branch    List, create, or delete branches\n   commit    Record changes to the repository\n   merge     Join two or more development histories together\n   rebase    Reapply commits on top of another base tip\n   reset     Reset current HEAD to the specified state\n   switch    Switch branches\n   tag       Create, list, delete or verify a tag object signed with GPG\n\ncollaborate (see also: git help workflows)\n   fetch     Download objects and refs from another repository\n   pull      Fetch from and integrate with another repository or a local branch\n   push      Update remote refs along with associated objects\n\n'git help -a' and 'git help -g' list available subcommands and some\nconcept guides. See 'git help <command>' or 'git help <concept>'\nto read about a specific subcommand or concept.\nSee 'git help git' for an overview of the system.\n""
[0m23:48:52.011334 [debug] [MainThread]: STDERR: "b''"
[0m23:48:52.011334 [info ] [MainThread]:  - git [[32mOK found[0m]

[0m23:48:52.012891 [info ] [MainThread]: Connection:
[0m23:48:52.012891 [info ] [MainThread]:   account: KIFGRRR-FLB23697
[0m23:48:52.014416 [info ] [MainThread]:   user: AZURETRAINING
[0m23:48:52.014416 [info ] [MainThread]:   database: C2C_DEV
[0m23:48:52.014416 [info ] [MainThread]:   schema: RAW
[0m23:48:52.015938 [info ] [MainThread]:   warehouse: COMPUTE_WH
[0m23:48:52.015938 [info ] [MainThread]:   role: ACCOUNTADMIN
[0m23:48:52.015938 [info ] [MainThread]:   client_session_keep_alive: False
[0m23:48:52.018461 [info ] [MainThread]:   query_tag: None
[0m23:48:52.022479 [debug] [MainThread]: Acquiring new snowflake connection 'debug'
[0m23:48:52.024127 [debug] [MainThread]: Using snowflake connection "debug"
[0m23:48:52.024127 [debug] [MainThread]: On debug: select 1 as id
[0m23:48:52.026336 [debug] [MainThread]: Opening a new connection, currently in state init
[0m23:48:54.285015 [debug] [MainThread]: SQL status: SUCCESS 1 in 2.0 seconds
[0m23:48:54.285015 [debug] [MainThread]: On debug: Close
[0m23:48:55.519508 [info ] [MainThread]:   Connection test: [[32mOK connection ok[0m]

[0m23:48:55.519508 [info ] [MainThread]: [31m1 check failed:[0m
[0m23:48:55.519508 [info ] [MainThread]: Could not load dbt_project.yml

[0m23:48:55.527465 [debug] [MainThread]: Command `dbt debug` failed at 23:48:55.527465 after 4.37 seconds
[0m23:48:55.529478 [debug] [MainThread]: Connection 'debug' was properly closed.
[0m23:48:55.529478 [debug] [MainThread]: Sending event: {'category': 'dbt', 'action': 'invocation', 'label': 'end', 'context': [<snowplow_tracker.self_describing_json.SelfDescribingJson object at 0x00000192BB7E6920>, <snowplow_tracker.self_describing_json.SelfDescribingJson object at 0x00000192D65B6E00>, <snowplow_tracker.self_describing_json.SelfDescribingJson object at 0x00000192D65B51E0>]}
[0m23:48:55.531493 [debug] [MainThread]: Flushing usage events
